
*** Running vivado
    with args -log LED_Toggle_Project2.vds -m64 -product Vivado -mode batch -messageDb vivado.pb -notrace -source LED_Toggle_Project2.tcl


****** Vivado v2024.1 (64-bit)
  **** SW Build 5076996 on Wed May 22 18:36:09 MDT 2024
  **** IP Build 5075265 on Wed May 22 21:45:21 MDT 2024
  **** SharedData Build 5076995 on Wed May 22 18:29:18 MDT 2024
  **** Start of session at: Sat Oct 26 15:28:41 2024
    ** Copyright 1986-2022 Xilinx, Inc. All Rights Reserved.
    ** Copyright 2022-2024 Advanced Micro Devices, Inc. All Rights Reserved.

source LED_Toggle_Project2.tcl -notrace
Command: read_checkpoint -auto_incremental -incremental {/home/jzmoolman/src/_languages/Getting started with FPGAs/project_3/project_3.srcs/utils_1/imports/synth_1/LED_Toggle_Project2.dcp}
INFO: [Vivado 12-5825] Read reference checkpoint from /home/jzmoolman/src/_languages/Getting started with FPGAs/project_3/project_3.srcs/utils_1/imports/synth_1/LED_Toggle_Project2.dcp for incremental synthesis
INFO: [Vivado 12-7989] Please ensure there are no constraint changes
Command: synth_design -top LED_Toggle_Project2 -part xc7k325tffg900-2
Starting synth_design
Attempting to get a license for feature 'Synthesis' and/or device 'xc7k325t'
INFO: [Common 17-349] Got license for feature 'Synthesis' and/or device 'xc7k325t'
INFO: [Device 21-403] Loading part xc7k325tffg900-2
INFO: [Device 21-9227] Part: xc7k325tffg900-2 does not have CEAM library.
INFO: [Designutils 20-5440] No compile time benefit to using incremental synthesis; A full resynthesis will be run
INFO: [Designutils 20-4379] Flow is switching to default flow due to incremental criteria not met. If you would like to alter this behaviour and have the flow terminate instead, please set the following parameter config_implementation {autoIncr.Synth.RejectBehavior Terminate}
INFO: [Synth 8-7079] Multithreading enabled for synth_design using a maximum of 4 processes.
INFO: [Synth 8-7078] Launching helper process for spawning children vivado processes
INFO: [Synth 8-7075] Helper process launched with PID 43879
---------------------------------------------------------------------------------
Starting RTL Elaboration : Time (s): cpu = 00:00:02 ; elapsed = 00:00:02 . Memory (MB): peak = 2264.211 ; gain = 412.715 ; free physical = 1539 ; free virtual = 13509
---------------------------------------------------------------------------------
INFO: [Synth 8-638] synthesizing module 'LED_Toggle_Project2' [/home/jzmoolman/src/_languages/Getting started with FPGAs/project_3/project_3.srcs/sources_1/new/top.vhd:14]
	Parameter DIFF_TERM bound to: 0 - type: bool 
	Parameter IBUF_LOW_PWR bound to: 1 - type: bool 
	Parameter IOSTANDARD bound to: DEFAULT - type: string 
INFO: [Synth 8-113] binding component instance 'clk_inst' to cell 'IBUFDS' [/home/jzmoolman/src/_languages/Getting started with FPGAs/project_3/project_3.srcs/sources_1/new/top.vhd:20]
INFO: [Synth 8-256] done synthesizing module 'LED_Toggle_Project2' (0#1) [/home/jzmoolman/src/_languages/Getting started with FPGAs/project_3/project_3.srcs/sources_1/new/top.vhd:14]
---------------------------------------------------------------------------------
Finished RTL Elaboration : Time (s): cpu = 00:00:03 ; elapsed = 00:00:03 . Memory (MB): peak = 2348.148 ; gain = 496.652 ; free physical = 1458 ; free virtual = 13429
---------------------------------------------------------------------------------
---------------------------------------------------------------------------------
Start Handling Custom Attributes
---------------------------------------------------------------------------------
---------------------------------------------------------------------------------
Finished Handling Custom Attributes : Time (s): cpu = 00:00:03 ; elapsed = 00:00:03 . Memory (MB): peak = 2362.992 ; gain = 511.496 ; free physical = 1446 ; free virtual = 13417
---------------------------------------------------------------------------------
---------------------------------------------------------------------------------
Finished RTL Optimization Phase 1 : Time (s): cpu = 00:00:03 ; elapsed = 00:00:03 . Memory (MB): peak = 2362.992 ; gain = 511.496 ; free physical = 1446 ; free virtual = 13417
---------------------------------------------------------------------------------
Netlist sorting complete. Time (s): cpu = 00:00:00 ; elapsed = 00:00:00 . Memory (MB): peak = 2368.930 ; gain = 0.000 ; free physical = 1437 ; free virtual = 13408
INFO: [Netlist 29-17] Analyzing 1 Unisim elements for replacement
INFO: [Netlist 29-28] Unisim Transformation completed in 0 CPU seconds
INFO: [Project 1-570] Preparing netlist for logic optimization

Processing XDC Constraints
Initializing timing engine
Parsing XDC File [/home/jzmoolman/src/_languages/Getting started with FPGAs/project_2/project_2.srcs/constrs_1/new/master.xdc]
Finished Parsing XDC File [/home/jzmoolman/src/_languages/Getting started with FPGAs/project_2/project_2.srcs/constrs_1/new/master.xdc]
INFO: [Project 1-236] Implementation specific constraints were found while reading constraint file [/home/jzmoolman/src/_languages/Getting started with FPGAs/project_2/project_2.srcs/constrs_1/new/master.xdc]. These constraints will be ignored for synthesis but will be used in implementation. Impacted constraints are listed in the file [.Xil/LED_Toggle_Project2_propImpl.xdc].
Resolution: To avoid this warning, move constraints listed in [.Xil/LED_Toggle_Project2_propImpl.xdc] to another XDC file and exclude this new file from synthesis with the used_in_synthesis property (File Properties dialog in GUI) and re-run elaboration/synthesis.
Completed Processing XDC Constraints

Netlist sorting complete. Time (s): cpu = 00:00:00 ; elapsed = 00:00:00 . Memory (MB): peak = 2457.742 ; gain = 0.000 ; free physical = 1415 ; free virtual = 13386
INFO: [Project 1-111] Unisim Transformation Summary:
No Unisim elements were transformed.

Constraint Validation Runtime : Time (s): cpu = 00:00:00 ; elapsed = 00:00:00 . Memory (MB): peak = 2457.742 ; gain = 0.000 ; free physical = 1415 ; free virtual = 13386
INFO: [Designutils 20-5440] No compile time benefit to using incremental synthesis; A full resynthesis will be run
INFO: [Designutils 20-4379] Flow is switching to default flow due to incremental criteria not met. If you would like to alter this behaviour and have the flow terminate instead, please set the following parameter config_implementation {autoIncr.Synth.RejectBehavior Terminate}
---------------------------------------------------------------------------------
Finished Constraint Validation : Time (s): cpu = 00:00:06 ; elapsed = 00:00:06 . Memory (MB): peak = 2457.742 ; gain = 606.246 ; free physical = 1415 ; free virtual = 13385
---------------------------------------------------------------------------------
---------------------------------------------------------------------------------
Start Loading Part and Timing Information
---------------------------------------------------------------------------------
Loading part: xc7k325tffg900-2
---------------------------------------------------------------------------------
Finished Loading Part and Timing Information : Time (s): cpu = 00:00:06 ; elapsed = 00:00:06 . Memory (MB): peak = 2465.746 ; gain = 614.250 ; free physical = 1415 ; free virtual = 13385
---------------------------------------------------------------------------------
---------------------------------------------------------------------------------
Start Applying 'set_property' XDC Constraints
---------------------------------------------------------------------------------
---------------------------------------------------------------------------------
Finished applying 'set_property' XDC Constraints : Time (s): cpu = 00:00:06 ; elapsed = 00:00:06 . Memory (MB): peak = 2465.746 ; gain = 614.250 ; free physical = 1415 ; free virtual = 13385
---------------------------------------------------------------------------------
---------------------------------------------------------------------------------
Finished RTL Optimization Phase 2 : Time (s): cpu = 00:00:06 ; elapsed = 00:00:07 . Memory (MB): peak = 2465.746 ; gain = 614.250 ; free physical = 1414 ; free virtual = 13385
---------------------------------------------------------------------------------
---------------------------------------------------------------------------------
Start RTL Component Statistics 
---------------------------------------------------------------------------------
Detailed RTL Component Info : 
+---Registers : 
	                1 Bit    Registers := 2     
---------------------------------------------------------------------------------
Finished RTL Component Statistics 
---------------------------------------------------------------------------------
---------------------------------------------------------------------------------
Start Part Resource Summary
---------------------------------------------------------------------------------
Part Resources:
DSPs: 840 (col length:140)
BRAMs: 890 (col length: RAMB18 140 RAMB36 70)
---------------------------------------------------------------------------------
Finished Part Resource Summary
---------------------------------------------------------------------------------
---------------------------------------------------------------------------------
Start Cross Boundary and Area Optimization
---------------------------------------------------------------------------------
WARNING: [Synth 8-7080] Parallel synthesis criteria is not met
---------------------------------------------------------------------------------
Finished Cross Boundary and Area Optimization : Time (s): cpu = 00:00:07 ; elapsed = 00:00:07 . Memory (MB): peak = 2465.746 ; gain = 614.250 ; free physical = 1409 ; free virtual = 13385
---------------------------------------------------------------------------------
---------------------------------------------------------------------------------
Start Applying XDC Timing Constraints
---------------------------------------------------------------------------------
---------------------------------------------------------------------------------
Finished Applying XDC Timing Constraints : Time (s): cpu = 00:00:10 ; elapsed = 00:00:10 . Memory (MB): peak = 2465.746 ; gain = 614.250 ; free physical = 1405 ; free virtual = 13381
---------------------------------------------------------------------------------
---------------------------------------------------------------------------------
Start Timing Optimization
---------------------------------------------------------------------------------
---------------------------------------------------------------------------------
Finished Timing Optimization : Time (s): cpu = 00:00:10 ; elapsed = 00:00:10 . Memory (MB): peak = 2465.746 ; gain = 614.250 ; free physical = 1405 ; free virtual = 13381
---------------------------------------------------------------------------------
---------------------------------------------------------------------------------
Start Technology Mapping
---------------------------------------------------------------------------------
---------------------------------------------------------------------------------
Finished Technology Mapping : Time (s): cpu = 00:00:10 ; elapsed = 00:00:10 . Memory (MB): peak = 2465.746 ; gain = 614.250 ; free physical = 1405 ; free virtual = 13381
---------------------------------------------------------------------------------
---------------------------------------------------------------------------------
Start IO Insertion
---------------------------------------------------------------------------------
---------------------------------------------------------------------------------
Start Flattening Before IO Insertion
---------------------------------------------------------------------------------
---------------------------------------------------------------------------------
Finished Flattening Before IO Insertion
---------------------------------------------------------------------------------
---------------------------------------------------------------------------------
Start Final Netlist Cleanup
---------------------------------------------------------------------------------
---------------------------------------------------------------------------------
Finished Final Netlist Cleanup
---------------------------------------------------------------------------------
---------------------------------------------------------------------------------
Finished IO Insertion : Time (s): cpu = 00:00:12 ; elapsed = 00:00:12 . Memory (MB): peak = 2465.746 ; gain = 614.250 ; free physical = 1405 ; free virtual = 13380
---------------------------------------------------------------------------------
---------------------------------------------------------------------------------
Start Renaming Generated Instances
---------------------------------------------------------------------------------
---------------------------------------------------------------------------------
Finished Renaming Generated Instances : Time (s): cpu = 00:00:12 ; elapsed = 00:00:12 . Memory (MB): peak = 2465.746 ; gain = 614.250 ; free physical = 1405 ; free virtual = 13380
---------------------------------------------------------------------------------
---------------------------------------------------------------------------------
Start Rebuilding User Hierarchy
---------------------------------------------------------------------------------
---------------------------------------------------------------------------------
Finished Rebuilding User Hierarchy : Time (s): cpu = 00:00:12 ; elapsed = 00:00:12 . Memory (MB): peak = 2465.746 ; gain = 614.250 ; free physical = 1405 ; free virtual = 13380
---------------------------------------------------------------------------------
---------------------------------------------------------------------------------
Start Renaming Generated Ports
---------------------------------------------------------------------------------
---------------------------------------------------------------------------------
Finished Renaming Generated Ports : Time (s): cpu = 00:00:12 ; elapsed = 00:00:12 . Memory (MB): peak = 2465.746 ; gain = 614.250 ; free physical = 1405 ; free virtual = 13380
---------------------------------------------------------------------------------
---------------------------------------------------------------------------------
Start Handling Custom Attributes
---------------------------------------------------------------------------------
---------------------------------------------------------------------------------
Finished Handling Custom Attributes : Time (s): cpu = 00:00:12 ; elapsed = 00:00:12 . Memory (MB): peak = 2465.746 ; gain = 614.250 ; free physical = 1405 ; free virtual = 13380
---------------------------------------------------------------------------------
---------------------------------------------------------------------------------
Start Renaming Generated Nets
---------------------------------------------------------------------------------
---------------------------------------------------------------------------------
Finished Renaming Generated Nets : Time (s): cpu = 00:00:12 ; elapsed = 00:00:12 . Memory (MB): peak = 2465.746 ; gain = 614.250 ; free physical = 1405 ; free virtual = 13380
---------------------------------------------------------------------------------
---------------------------------------------------------------------------------
Start Writing Synthesis Report
---------------------------------------------------------------------------------

Report BlackBoxes: 
+-+--------------+----------+
| |BlackBox name |Instances |
+-+--------------+----------+
+-+--------------+----------+

Report Cell Usage: 
+------+-------+------+
|      |Cell   |Count |
+------+-------+------+
|1     |BUFG   |     1|
|2     |LUT3   |     1|
|3     |FDRE   |     2|
|4     |IBUF   |     1|
|5     |IBUFDS |     1|
|6     |OBUF   |     1|
+------+-------+------+
---------------------------------------------------------------------------------
Finished Writing Synthesis Report : Time (s): cpu = 00:00:12 ; elapsed = 00:00:12 . Memory (MB): peak = 2465.746 ; gain = 614.250 ; free physical = 1405 ; free virtual = 13380
---------------------------------------------------------------------------------
Synthesis finished with 0 errors, 0 critical warnings and 1 warnings.
Synthesis Optimization Runtime : Time (s): cpu = 00:00:11 ; elapsed = 00:00:11 . Memory (MB): peak = 2465.746 ; gain = 519.500 ; free physical = 1405 ; free virtual = 13380
Synthesis Optimization Complete : Time (s): cpu = 00:00:12 ; elapsed = 00:00:12 . Memory (MB): peak = 2465.754 ; gain = 614.250 ; free physical = 1405 ; free virtual = 13380
INFO: [Project 1-571] Translating synthesized netlist
Netlist sorting complete. Time (s): cpu = 00:00:00 ; elapsed = 00:00:00 . Memory (MB): peak = 2465.754 ; gain = 0.000 ; free physical = 1405 ; free virtual = 13380
INFO: [Netlist 29-17] Analyzing 1 Unisim elements for replacement
INFO: [Netlist 29-28] Unisim Transformation completed in 0 CPU seconds
INFO: [Project 1-570] Preparing netlist for logic optimization
INFO: [Opt 31-138] Pushed 0 inverter(s) to 0 load pin(s).
Netlist sorting complete. Time (s): cpu = 00:00:00 ; elapsed = 00:00:00 . Memory (MB): peak = 2465.754 ; gain = 0.000 ; free physical = 1713 ; free virtual = 13688
INFO: [Project 1-111] Unisim Transformation Summary:
No Unisim elements were transformed.

Synth Design complete | Checksum: 26530ab1
INFO: [Common 17-83] Releasing license: Synthesis
27 Infos, 1 Warnings, 0 Critical Warnings and 0 Errors encountered.
synth_design completed successfully
synth_design: Time (s): cpu = 00:00:17 ; elapsed = 00:00:15 . Memory (MB): peak = 2465.754 ; gain = 1010.965 ; free physical = 1713 ; free virtual = 13688
INFO: [Common 17-2834] synth_design peak Physical Memory [PSS] (MB): overall = 1947.594; main = 1600.649; forked = 372.388
INFO: [Common 17-2834] synth_design peak Virtual Memory [VSS] (MB): overall = 3490.531; main = 2465.746; forked = 1024.785
Write ShapeDB Complete: Time (s): cpu = 00:00:00 ; elapsed = 00:00:00 . Memory (MB): peak = 2489.758 ; gain = 0.000 ; free physical = 1712 ; free virtual = 13688
INFO: [Common 17-1381] The checkpoint '/home/jzmoolman/src/_languages/Getting started with FPGAs/project_3/project_3.runs/synth_1/LED_Toggle_Project2.dcp' has been generated.
INFO: [Vivado 12-24828] Executing command : report_utilization -file LED_Toggle_Project2_utilization_synth.rpt -pb LED_Toggle_Project2_utilization_synth.pb
INFO: [Common 17-206] Exiting Vivado at Sat Oct 26 15:29:02 2024...
